<?xml version="1.0" encoding="UTF-8"?>
<!-- Generated by org.testng.reporters.JUnitReportReporter -->
<testsuite hostname="Lenovo-PC" name="TestCase.Register" tests="1" failures="0" timestamp="9 Dec 2015 05:42:16 GMT" time="15.887" errors="0">
  <testcase name="newregistration" time="15.887" classname="TestCase.Register"/>
</testsuite> <!-- TestCase.Register -->
